<?xml version="1.0" encoding="UTF-8"?>
<testng-results skipped="0" failed="0" ignored="0" total="2" passed="2">
  <reporter-output>
  </reporter-output>
  <suite name="Suite" duration-ms="71" started-at="2020-04-19T13:37:08 IST" finished-at="2020-04-19T13:37:08 IST">
    <groups>
    </groups>
    <test name="Test" duration-ms="71" started-at="2020-04-19T13:37:08 IST" finished-at="2020-04-19T13:37:08 IST">
      <class name="basics1.APITest">
        <test-method status="PASS" signature="APItest()[pri:0, instance:basics1.APITest@589838eb]" name="APItest" duration-ms="5" started-at="2020-04-19T13:37:08 IST" finished-at="2020-04-19T13:37:08 IST">
          <reporter-output>
          </reporter-output>
        </test-method> <!-- APItest -->
      </class> <!-- basics1.APITest -->
      <class name="basics1.SeleniumTest">
        <test-method status="PASS" signature="seleniumtest()[pri:0, instance:basics1.SeleniumTest@42dafa95]" name="seleniumtest" duration-ms="0" started-at="2020-04-19T13:37:08 IST" finished-at="2020-04-19T13:37:08 IST">
          <reporter-output>
          </reporter-output>
        </test-method> <!-- seleniumtest -->
      </class> <!-- basics1.SeleniumTest -->
    </test> <!-- Test -->
  </suite> <!-- Suite -->
</testng-results>
